Сборка начата 14.10.2024 17:04:35.
Уровень детализации журнала: Normal.     1>Проект "C:\Users\Admin\Desktop\ОАИП\лаба 9\доп 9 трапеция\доп 9 трапеция.vcxproj" в узле 2 (целевые объекты Build).
     1>PrepareForBuild:
         Структурированный вывод включен. Форматирование диагностики компилятора будет отражать иерархию ошибок. Подробнее см. https://aka.ms/cpp/structured-output.
         Создание каталога "x64\Debug\доп 9 трапеция.tlog\".
       InitializeBuildStatus:
         Создание "x64\Debug\доп 9 трапеция.tlog\unsuccessfulbuild", так как было задано "AlwaysCreate".
         Обращение к "x64\Debug\доп 9 трапеция.tlog\unsuccessfulbuild".
       ClCompile:
         D:\Vs\VC\Tools\MSVC\14.41.34120\bin\HostX64\x64\CL.exe /c /ZI /JMC /nologo /W3 /WX- /diagnostics:column /sdl /Od /D _DEBUG /D _CONSOLE /D _UNICODE /D UNICODE /Gm- /EHsc /RTC1 /MDd /GS /fp:precise /Zc:wchar_t /Zc:forScope /Zc:inline /permissive- /Fo"x64\Debug\\" /Fd"x64\Debug\vc143.pdb" /external:W3 /Gd /TP /FC /errorReport:prompt "доп 9 трапеция.cpp"
         доп 9 трапеция.cpp
       Link:
         D:\Vs\VC\Tools\MSVC\14.41.34120\bin\HostX64\x64\link.exe /ERRORREPORT:PROMPT /OUT:"C:\Users\Admin\Desktop\ОАИП\лаба 9\x64\Debug\доп 9 трапеция.exe" /INCREMENTAL /ILK:"x64\Debug\доп 9 трапеция.ilk" /NOLOGO kernel32.lib user32.lib gdi32.lib winspool.lib comdlg32.lib advapi32.lib shell32.lib ole32.lib oleaut32.lib uuid.lib odbc32.lib odbccp32.lib /MANIFEST /MANIFESTUAC:"level='asInvoker' uiAccess='false'" /manifest:embed /DEBUG /PDB:"C:\Users\Admin\Desktop\ОАИП\лаба 9\x64\Debug\доп 9 трапеция.pdb" /SUBSYSTEM:CONSOLE /TLBID:1 /DYNAMICBASE /NXCOMPAT /IMPLIB:"C:\Users\Admin\Desktop\ОАИП\лаба 9\x64\Debug\доп 9 трапеция.lib" /MACHINE:X64 "x64\Debug\доп 9 трапеция.obj"
         доп 9 трапеция.vcxproj -> C:\Users\Admin\Desktop\ОАИП\лаба 9\x64\Debug\доп 9 трапеция.exe
       FinalizeBuildStatus:
         Файл "x64\Debug\доп 9 трапеция.tlog\unsuccessfulbuild" удаляется.
         Обращение к "x64\Debug\доп 9 трапеция.tlog\доп 9 трапеция.lastbuildstate".
     1>Сборка проекта "C:\Users\Admin\Desktop\ОАИП\лаба 9\доп 9 трапеция\доп 9 трапеция.vcxproj" завершена (целевые объекты Build).

Сборка успешно завершена.
    Предупреждений: 0
    Ошибок: 0

Прошло времени 00:00:01.01
