Сборка начата 21.10.2024 17:03:22.
Уровень детализации журнала: Normal.     1>Проект "C:\Users\Admin\Desktop\ОАИП\лаба 9\9.дихотомия\9.дихотомия.vcxproj" в узле 2 (целевые объекты Build).
     1>PrepareForBuild:
         Структурированный вывод включен. Форматирование диагностики компилятора будет отражать иерархию ошибок. Подробнее см. https://aka.ms/cpp/structured-output.
       InitializeBuildStatus:
         Обращение к "x64\Debug\9.дихотомия.tlog\unsuccessfulbuild".
       ClCompile:
         D:\Vs\VC\Tools\MSVC\14.41.34120\bin\HostX64\x64\CL.exe /c /ZI /JMC /nologo /W3 /WX- /diagnostics:column /sdl /Od /D _DEBUG /D _CONSOLE /D _UNICODE /D UNICODE /Gm- /EHsc /RTC1 /MDd /GS /fp:precise /Zc:wchar_t /Zc:forScope /Zc:inline /permissive- /Fo"x64\Debug\\" /Fd"x64\Debug\vc143.pdb" /external:W3 /Gd /TP /FC /errorReport:prompt "9.дихотомия.cpp"
         9.дихотомия.cpp
     1>C:\Users\Admin\Desktop\ОАИП\лаба 9\9.дихотомия\9.дихотомия.cpp(3,6): warning C4326: возвращаемый тип "main" должен быть "int", а не "void"
     1>C:\Users\Admin\Desktop\ОАИП\лаба 9\9.дихотомия\9.дихотомия.cpp(6,10): warning C4305: инициализация: усечение из "double" в "float"
       Link:
         D:\Vs\VC\Tools\MSVC\14.41.34120\bin\HostX64\x64\link.exe /ERRORREPORT:PROMPT /OUT:"C:\Users\Admin\Desktop\ОАИП\лаба 9\x64\Debug\9.дихотомия.exe" /INCREMENTAL /ILK:"x64\Debug\9.дихотомия.ilk" /NOLOGO kernel32.lib user32.lib gdi32.lib winspool.lib comdlg32.lib advapi32.lib shell32.lib ole32.lib oleaut32.lib uuid.lib odbc32.lib odbccp32.lib /MANIFEST /MANIFESTUAC:"level='asInvoker' uiAccess='false'" /manifest:embed /DEBUG /PDB:"C:\Users\Admin\Desktop\ОАИП\лаба 9\x64\Debug\9.дихотомия.pdb" /SUBSYSTEM:CONSOLE /TLBID:1 /DYNAMICBASE /NXCOMPAT /IMPLIB:"C:\Users\Admin\Desktop\ОАИП\лаба 9\x64\Debug\9.дихотомия.lib" /MACHINE:X64 "x64\Debug\9.дихотомия.obj"
         9.дихотомия.vcxproj -> C:\Users\Admin\Desktop\ОАИП\лаба 9\x64\Debug\9.дихотомия.exe
       FinalizeBuildStatus:
         Файл "x64\Debug\9.дихотомия.tlog\unsuccessfulbuild" удаляется.
         Обращение к "x64\Debug\9.дихотомия.tlog\9.дихотомия.lastbuildstate".
     1>Сборка проекта "C:\Users\Admin\Desktop\ОАИП\лаба 9\9.дихотомия\9.дихотомия.vcxproj" завершена (целевые объекты Build).

Сборка успешно завершена.

       "C:\Users\Admin\Desktop\ОАИП\лаба 9\9.дихотомия\9.дихотомия.vcxproj" (целевой объект Build ) (1) ->
       (Целевой объект ClCompile) -> 
         C:\Users\Admin\Desktop\ОАИП\лаба 9\9.дихотомия\9.дихотомия.cpp(3,6): warning C4326: возвращаемый тип "main" должен быть "int", а не "void"
         C:\Users\Admin\Desktop\ОАИП\лаба 9\9.дихотомия\9.дихотомия.cpp(6,10): warning C4305: инициализация: усечение из "double" в "float"

    Предупреждений: 2
    Ошибок: 0

Прошло времени 00:00:00.85
