Сборка начата 05.10.2024 19:41:50.
Уровень детализации журнала: Normal.     1>Проект "C:\Users\Admin\source\repos\лаба 7\лаба 7\лаба 7.vcxproj" в узле 2 (целевые объекты Build).
     1>PrepareForBuild:
         Структурированный вывод включен. Форматирование диагностики компилятора будет отражать иерархию ошибок. Подробнее см. https://aka.ms/cpp/structured-output.
       InitializeBuildStatus:
         Обращение к "Release\лаба 7.tlog\unsuccessfulbuild".
       ClCompile:
         D:\Vs\VC\Tools\MSVC\14.41.34120\bin\HostX86\x86\CL.exe /c /Zi /nologo /W3 /WX- /diagnostics:column /sdl /O2 /Oi /Oy- /GL /D WIN32 /D NDEBUG /D _CONSOLE /D _UNICODE /D UNICODE /Gm- /EHsc /MD /GS /Gy /fp:precise /Zc:wchar_t /Zc:forScope /Zc:inline /permissive- /Fo"Release\\" /Fd"Release\vc143.pdb" /external:W3 /Gd /TP /analyze- /FC /errorReport:prompt "лаба 7.cpp"
         лаба 7.cpp
     1>C:\Users\Admin\source\repos\лаба 7\лаба 7\лаба 7.cpp(7,17): warning C4305: инициализация: усечение из "double" в "float"
     1>C:\Users\Admin\source\repos\лаба 7\лаба 7\лаба 7.cpp(7,23): warning C4244: инициализация: преобразование "double" в "float", возможна потеря данных
       Link:
         D:\Vs\VC\Tools\MSVC\14.41.34120\bin\HostX86\x86\link.exe /ERRORREPORT:PROMPT /OUT:"C:\Users\Admin\source\repos\лаба 7\Release\лаба 7.exe" /NOLOGO kernel32.lib user32.lib gdi32.lib winspool.lib comdlg32.lib advapi32.lib shell32.lib ole32.lib oleaut32.lib uuid.lib odbc32.lib odbccp32.lib /MANIFEST /MANIFESTUAC:"level='asInvoker' uiAccess='false'" /manifest:embed /DEBUG /PDB:"C:\Users\Admin\source\repos\лаба 7\Release\лаба 7.pdb" /SUBSYSTEM:CONSOLE /OPT:REF /OPT:ICF /LTCG:incremental /LTCGOUT:"Release\лаба 7.iobj" /TLBID:1 /DYNAMICBASE /NXCOMPAT /IMPLIB:"C:\Users\Admin\source\repos\лаба 7\Release\лаба 7.lib" /MACHINE:X86 /SAFESEH "Release\лаба 7.obj"
         Создание кода
         Previous IPDB and IOBJ mismatch, fall back to full compilation.
         All 19 functions were compiled because no usable IPDB/IOBJ from previous compilation was found.
         Создание кода завершено
         лаба 7.vcxproj -> C:\Users\Admin\source\repos\лаба 7\Release\лаба 7.exe
       FinalizeBuildStatus:
         Файл "Release\лаба 7.tlog\unsuccessfulbuild" удаляется.
         Обращение к "Release\лаба 7.tlog\лаба 7.lastbuildstate".
     1>Сборка проекта "C:\Users\Admin\source\repos\лаба 7\лаба 7\лаба 7.vcxproj" завершена (целевые объекты Build).

Сборка успешно завершена.

       "C:\Users\Admin\source\repos\лаба 7\лаба 7\лаба 7.vcxproj" (целевой объект Build ) (1) ->
       (Целевой объект ClCompile) -> 
         C:\Users\Admin\source\repos\лаба 7\лаба 7\лаба 7.cpp(7,17): warning C4305: инициализация: усечение из "double" в "float"
         C:\Users\Admin\source\repos\лаба 7\лаба 7\лаба 7.cpp(7,23): warning C4244: инициализация: преобразование "double" в "float", возможна потеря данных

    Предупреждений: 2
    Ошибок: 0

Прошло времени 00:00:01.41
