Сборка начата 13.10.2024 16:11:36.
Уровень детализации журнала: Normal.     1>Проект "C:\Users\Admin\source\repos\лаба 7\зад 8.2\зад 8.2.vcxproj" в узле 2 (целевые объекты Build).
     1>D:\Vs\MSBuild\Microsoft\VC\v170\Microsoft.CppBuild.targets(531,5): warning MSB8028: промежуточный каталог (x64\Debug\) содержит файлы, которые используются совместно с другим проектом (зад 8.2.vcxproj).  Это может привести к ошибкам очистки и перестроения.
         Структурированный вывод включен. Форматирование диагностики компилятора будет отражать иерархию ошибок. Подробнее см. https://aka.ms/cpp/structured-output.
     1>InitializeBuildStatus:
         Создание "x64\Debug\зад 8.4.tlog\unsuccessfulbuild", так как было задано "AlwaysCreate".
         Обращение к "x64\Debug\зад 8.4.tlog\unsuccessfulbuild".
       ClCompile:
         D:\Vs\VC\Tools\MSVC\14.41.34120\bin\HostX64\x64\CL.exe /c /ZI /JMC /nologo /W3 /WX- /diagnostics:column /sdl /Od /D _DEBUG /D _CONSOLE /D _UNICODE /D UNICODE /Gm- /EHsc /RTC1 /MDd /GS /fp:precise /Zc:wchar_t /Zc:forScope /Zc:inline /permissive- /Fo"x64\Debug\\" /Fd"x64\Debug\vc143.pdb" /external:W3 /Gd /TP /FC /errorReport:prompt "зад 8.4.cpp"
         зад 8.4.cpp
       Link:
         D:\Vs\VC\Tools\MSVC\14.41.34120\bin\HostX64\x64\link.exe /ERRORREPORT:PROMPT /OUT:"C:\Users\Admin\source\repos\лаба 7\x64\Debug\зад 8.4.exe" /INCREMENTAL /ILK:"x64\Debug\зад 8.4.ilk" /NOLOGO kernel32.lib user32.lib gdi32.lib winspool.lib comdlg32.lib advapi32.lib shell32.lib ole32.lib oleaut32.lib uuid.lib odbc32.lib odbccp32.lib /MANIFEST /MANIFESTUAC:"level='asInvoker' uiAccess='false'" /manifest:embed /DEBUG /PDB:"C:\Users\Admin\source\repos\лаба 7\x64\Debug\зад 8.4.pdb" /SUBSYSTEM:CONSOLE /TLBID:1 /DYNAMICBASE /NXCOMPAT /IMPLIB:"C:\Users\Admin\source\repos\лаба 7\x64\Debug\зад 8.4.lib" /MACHINE:X64 "x64\Debug\зад 8.4.obj"
         зад 8.2.vcxproj -> C:\Users\Admin\source\repos\лаба 7\x64\Debug\зад 8.4.exe
       FinalizeBuildStatus:
         Файл "x64\Debug\зад 8.4.tlog\unsuccessfulbuild" удаляется.
         Обращение к "x64\Debug\зад 8.4.tlog\зад 8.4.lastbuildstate".
     1>Сборка проекта "C:\Users\Admin\source\repos\лаба 7\зад 8.2\зад 8.2.vcxproj" завершена (целевые объекты Build).

Сборка успешно завершена.

       "C:\Users\Admin\source\repos\лаба 7\зад 8.2\зад 8.2.vcxproj" (целевой объект Build ) (1) ->
       (Целевой объект PrepareForBuild) -> 
         D:\Vs\MSBuild\Microsoft\VC\v170\Microsoft.CppBuild.targets(531,5): warning MSB8028: промежуточный каталог (x64\Debug\) содержит файлы, которые используются совместно с другим проектом (зад 8.2.vcxproj).  Это может привести к ошибкам очистки и перестроения.

    Предупреждений: 1
    Ошибок: 0

Прошло времени 00:00:02.11
