Сборка начата 07.10.2024 16:33:56.
Уровень детализации журнала: Normal.     1>Проект "C:\Users\Admin\source\repos\лаба 6\зад 5.2\зад 5.2.vcxproj" в узле 2 (целевые объекты Build).
     1>PrepareForBuild:
         Структурированный вывод включен. Форматирование диагностики компилятора будет отражать иерархию ошибок. Подробнее см. https://aka.ms/cpp/structured-output.
       InitializeBuildStatus:
         Создание "x64\Debug\зад 5.2.tlog\unsuccessfulbuild", так как было задано "AlwaysCreate".
         Обращение к "x64\Debug\зад 5.2.tlog\unsuccessfulbuild".
       ClCompile:
         D:\Vs\VC\Tools\MSVC\14.41.34120\bin\HostX64\x64\CL.exe /c /ZI /JMC /nologo /W3 /WX- /diagnostics:column /sdl /Od /D _DEBUG /D _CONSOLE /D _UNICODE /D UNICODE /Gm- /EHsc /RTC1 /MDd /GS /fp:precise /Zc:wchar_t /Zc:forScope /Zc:inline /permissive- /Fo"x64\Debug\\" /Fd"x64\Debug\vc143.pdb" /external:W3 /Gd /TP /FC /errorReport:prompt "зад 5.2.cpp"
         зад 5.2.cpp
     1>C:\Users\Admin\source\repos\лаба 6\зад 5.2\зад 5.2.cpp(6,10): warning C4244: инициализация: преобразование "double" в "float", возможна потеря данных
     1>C:\Users\Admin\source\repos\лаба 6\зад 5.2\зад 5.2.cpp(10,13): warning C4244: =: преобразование "double" в "float", возможна потеря данных
     1>C:\Users\Admin\source\repos\лаба 6\зад 5.2\зад 5.2.cpp(11,18): warning C4244: =: преобразование "double" в "float", возможна потеря данных
     1>C:\Users\Admin\source\repos\лаба 6\зад 5.2\зад 5.2.cpp(14,9): warning C4244: =: преобразование "double" в "float", возможна потеря данных
     1>C:\Users\Admin\source\repos\лаба 6\зад 5.2\зад 5.2.cpp(7,21): warning C4101: a: неиспользованная локальная переменная
       Link:
         D:\Vs\VC\Tools\MSVC\14.41.34120\bin\HostX64\x64\link.exe /ERRORREPORT:PROMPT /OUT:"C:\Users\Admin\source\repos\лаба 6\x64\Debug\зад 5.2.exe" /INCREMENTAL /ILK:"x64\Debug\зад 5.2.ilk" /NOLOGO kernel32.lib user32.lib gdi32.lib winspool.lib comdlg32.lib advapi32.lib shell32.lib ole32.lib oleaut32.lib uuid.lib odbc32.lib odbccp32.lib /MANIFEST /MANIFESTUAC:"level='asInvoker' uiAccess='false'" /manifest:embed /DEBUG /PDB:"C:\Users\Admin\source\repos\лаба 6\x64\Debug\зад 5.2.pdb" /SUBSYSTEM:CONSOLE /TLBID:1 /DYNAMICBASE /NXCOMPAT /IMPLIB:"C:\Users\Admin\source\repos\лаба 6\x64\Debug\зад 5.2.lib" /MACHINE:X64 "x64\Debug\зад 5.2.obj"
         зад 5.2.vcxproj -> C:\Users\Admin\source\repos\лаба 6\x64\Debug\зад 5.2.exe
       FinalizeBuildStatus:
         Файл "x64\Debug\зад 5.2.tlog\unsuccessfulbuild" удаляется.
         Обращение к "x64\Debug\зад 5.2.tlog\зад 5.2.lastbuildstate".
     1>Сборка проекта "C:\Users\Admin\source\repos\лаба 6\зад 5.2\зад 5.2.vcxproj" завершена (целевые объекты Build).

Сборка успешно завершена.

       "C:\Users\Admin\source\repos\лаба 6\зад 5.2\зад 5.2.vcxproj" (целевой объект Build ) (1) ->
       (Целевой объект ClCompile) -> 
         C:\Users\Admin\source\repos\лаба 6\зад 5.2\зад 5.2.cpp(6,10): warning C4244: инициализация: преобразование "double" в "float", возможна потеря данных
         C:\Users\Admin\source\repos\лаба 6\зад 5.2\зад 5.2.cpp(10,13): warning C4244: =: преобразование "double" в "float", возможна потеря данных
         C:\Users\Admin\source\repos\лаба 6\зад 5.2\зад 5.2.cpp(11,18): warning C4244: =: преобразование "double" в "float", возможна потеря данных
         C:\Users\Admin\source\repos\лаба 6\зад 5.2\зад 5.2.cpp(14,9): warning C4244: =: преобразование "double" в "float", возможна потеря данных
         C:\Users\Admin\source\repos\лаба 6\зад 5.2\зад 5.2.cpp(7,21): warning C4101: a: неиспользованная локальная переменная

    Предупреждений: 5
    Ошибок: 0

Прошло времени 00:00:01.03
