Сборка начата 09.12.2024 17:28:44.
Уровень детализации журнала: Normal.     1>Проект "C:\Users\Admin\Desktop\ОАИП\лаба 17\7.2\7.2.vcxproj" в узле 2 (целевые объекты Build).
     1>PrepareForBuild:
         Структурированный вывод включен. Форматирование диагностики компилятора будет отражать иерархию ошибок. Подробнее см. https://aka.ms/cpp/structured-output.
       InitializeBuildStatus:
         Создание "x64\Debug\7.2.tlog\unsuccessfulbuild", так как было задано "AlwaysCreate".
         Обращение к "x64\Debug\7.2.tlog\unsuccessfulbuild".
       ClCompile:
         D:\Vs\VC\Tools\MSVC\14.41.34120\bin\HostX64\x64\CL.exe /c /ZI /JMC /nologo /W3 /WX- /diagnostics:column /sdl /Od /D _DEBUG /D _CONSOLE /D _UNICODE /D UNICODE /Gm- /EHsc /RTC1 /MDd /GS /fp:precise /Zc:wchar_t /Zc:forScope /Zc:inline /permissive- /Fo"x64\Debug\\" /Fd"x64\Debug\vc143.pdb" /external:W3 /Gd /TP /FC /errorReport:prompt 7.2.cpp
         7.2.cpp
     1>C:\Users\Admin\Desktop\ОАИП\лаба 17\7.2\7.2.cpp(23,14): warning C4244: =: преобразование "int" в "float", возможна потеря данных
     1>C:\Users\Admin\Desktop\ОАИП\лаба 17\7.2\7.2.cpp(33,32): warning C4244: =: преобразование "float" в "int", возможна потеря данных
     1>C:\Users\Admin\Desktop\ОАИП\лаба 17\7.2\7.2.cpp(38,6): warning C4326: возвращаемый тип "main" должен быть "int", а не "void"
     1>C:\Users\Admin\Desktop\ОАИП\лаба 17\7.2\7.2.cpp(42,12): warning C4244: аргумент: преобразование "time_t" в "unsigned int", возможна потеря данных
       Link:
         D:\Vs\VC\Tools\MSVC\14.41.34120\bin\HostX64\x64\link.exe /ERRORREPORT:PROMPT /OUT:"C:\Users\Admin\Desktop\ОАИП\лаба 17\5.1\x64\Debug\7.2.exe" /INCREMENTAL /ILK:"x64\Debug\7.2.ilk" /NOLOGO kernel32.lib user32.lib gdi32.lib winspool.lib comdlg32.lib advapi32.lib shell32.lib ole32.lib oleaut32.lib uuid.lib odbc32.lib odbccp32.lib /MANIFEST /MANIFESTUAC:"level='asInvoker' uiAccess='false'" /manifest:embed /DEBUG /PDB:"C:\Users\Admin\Desktop\ОАИП\лаба 17\5.1\x64\Debug\7.2.pdb" /SUBSYSTEM:CONSOLE /TLBID:1 /DYNAMICBASE /NXCOMPAT /IMPLIB:"C:\Users\Admin\Desktop\ОАИП\лаба 17\5.1\x64\Debug\7.2.lib" /MACHINE:X64 x64\Debug\7.2.obj
         7.2.vcxproj -> C:\Users\Admin\Desktop\ОАИП\лаба 17\5.1\x64\Debug\7.2.exe
       TlogCleanup:
         Следующие элементы будут удалены из tlogs, так как они были удалены из проекта или сборки: C:\Users\Admin\Desktop\ОАИП\1 практикум\лаба 17\7.2\7.2.cpp.
       FinalizeBuildStatus:
         Файл "x64\Debug\7.2.tlog\unsuccessfulbuild" удаляется.
         Обращение к "x64\Debug\7.2.tlog\7.2.lastbuildstate".
     1>Сборка проекта "C:\Users\Admin\Desktop\ОАИП\лаба 17\7.2\7.2.vcxproj" завершена (целевые объекты Build).

Сборка успешно завершена.

       "C:\Users\Admin\Desktop\ОАИП\лаба 17\7.2\7.2.vcxproj" (целевой объект Build ) (1) ->
       (Целевой объект ClCompile) -> 
         C:\Users\Admin\Desktop\ОАИП\лаба 17\7.2\7.2.cpp(23,14): warning C4244: =: преобразование "int" в "float", возможна потеря данных
         C:\Users\Admin\Desktop\ОАИП\лаба 17\7.2\7.2.cpp(33,32): warning C4244: =: преобразование "float" в "int", возможна потеря данных
         C:\Users\Admin\Desktop\ОАИП\лаба 17\7.2\7.2.cpp(38,6): warning C4326: возвращаемый тип "main" должен быть "int", а не "void"
         C:\Users\Admin\Desktop\ОАИП\лаба 17\7.2\7.2.cpp(42,12): warning C4244: аргумент: преобразование "time_t" в "unsigned int", возможна потеря данных

    Предупреждений: 4
    Ошибок: 0

Прошло времени 00:00:01.01
