Сборка начата 03.12.2024 17:37:38.
Уровень детализации журнала: Normal.     1>Проект "C:\Users\Admin\Desktop\ОАИП\лаба 15\5.1\5.1.vcxproj" в узле 2 (целевые объекты Build).
     1>PrepareForBuild:
         Структурированный вывод включен. Форматирование диагностики компилятора будет отражать иерархию ошибок. Подробнее см. https://aka.ms/cpp/structured-output.
       InitializeBuildStatus:
         Создание "5.1\x64\Debug\5.1.tlog\unsuccessfulbuild", так как было задано "AlwaysCreate".
         Обращение к "5.1\x64\Debug\5.1.tlog\unsuccessfulbuild".
       ClCompile:
         D:\Vs\VC\Tools\MSVC\14.41.34120\bin\HostX64\x64\CL.exe /c /ZI /JMC /nologo /W3 /WX- /diagnostics:column /sdl /Od /D _DEBUG /D _CONSOLE /D _UNICODE /D UNICODE /Gm- /EHsc /RTC1 /MDd /GS /fp:precise /Zc:wchar_t /Zc:forScope /Zc:inline /permissive- /Fo"5.1\x64\Debug\\" /Fd"5.1\x64\Debug\vc143.pdb" /external:W3 /Gd /TP /FC /errorReport:prompt 5.1.cpp
         5.1.cpp
     1>C:\Users\Admin\Desktop\ОАИП\лаба 15\5.1\5.1.cpp(5,6): warning C4326: возвращаемый тип "main" должен быть "int", а не "void"
     1>C:\Users\Admin\Desktop\ОАИП\лаба 15\5.1\5.1.cpp(8,12): warning C4244: аргумент: преобразование "time_t" в "unsigned int", возможна потеря данных
       Link:
         D:\Vs\VC\Tools\MSVC\14.41.34120\bin\HostX64\x64\link.exe /ERRORREPORT:PROMPT /OUT:"C:\Users\Admin\Desktop\ОАИП\лаба 15\5.1\x64\Debug\5.1.exe" /INCREMENTAL /ILK:"5.1\x64\Debug\5.1.ilk" /NOLOGO kernel32.lib user32.lib gdi32.lib winspool.lib comdlg32.lib advapi32.lib shell32.lib ole32.lib oleaut32.lib uuid.lib odbc32.lib odbccp32.lib /MANIFEST /MANIFESTUAC:"level='asInvoker' uiAccess='false'" /manifest:embed /DEBUG /PDB:"C:\Users\Admin\Desktop\ОАИП\лаба 15\5.1\x64\Debug\5.1.pdb" /SUBSYSTEM:CONSOLE /TLBID:1 /DYNAMICBASE /NXCOMPAT /IMPLIB:"C:\Users\Admin\Desktop\ОАИП\лаба 15\5.1\x64\Debug\5.1.lib" /MACHINE:X64 5.1\x64\Debug\5.1.obj
         5.1.vcxproj -> C:\Users\Admin\Desktop\ОАИП\лаба 15\5.1\x64\Debug\5.1.exe
       FinalizeBuildStatus:
         Файл "5.1\x64\Debug\5.1.tlog\unsuccessfulbuild" удаляется.
         Обращение к "5.1\x64\Debug\5.1.tlog\5.1.lastbuildstate".
     1>Сборка проекта "C:\Users\Admin\Desktop\ОАИП\лаба 15\5.1\5.1.vcxproj" завершена (целевые объекты Build).

Сборка успешно завершена.

       "C:\Users\Admin\Desktop\ОАИП\лаба 15\5.1\5.1.vcxproj" (целевой объект Build ) (1) ->
       (Целевой объект ClCompile) -> 
         C:\Users\Admin\Desktop\ОАИП\лаба 15\5.1\5.1.cpp(5,6): warning C4326: возвращаемый тип "main" должен быть "int", а не "void"
         C:\Users\Admin\Desktop\ОАИП\лаба 15\5.1\5.1.cpp(8,12): warning C4244: аргумент: преобразование "time_t" в "unsigned int", возможна потеря данных

    Предупреждений: 2
    Ошибок: 0

Прошло времени 00:00:01.97
