Сборка начата 23.09.2024 23:38:55.
Уровень детализации журнала: Normal.     1>Проект "C:\Users\Admin\source\repos\оаип 5 лаба\зад 7.4\зад 7.4.vcxproj" в узле 2 (целевые объекты Build).
     1>PrepareForBuild:
         Структурированный вывод включен. Форматирование диагностики компилятора будет отражать иерархию ошибок. Подробнее см. https://aka.ms/cpp/structured-output.
       InitializeBuildStatus:
         Обращение к "x64\Debug\зад 7.4.tlog\unsuccessfulbuild".
       ClCompile:
         D:\Vs\VC\Tools\MSVC\14.41.34120\bin\HostX64\x64\CL.exe /c /ZI /JMC /nologo /W3 /WX- /diagnostics:column /sdl /Od /D _DEBUG /D _CONSOLE /D _UNICODE /D UNICODE /Gm- /EHsc /RTC1 /MDd /GS /fp:precise /Zc:wchar_t /Zc:forScope /Zc:inline /permissive- /Fo"x64\Debug\\" /Fd"x64\Debug\vc143.pdb" /external:W3 /Gd /TP /FC /errorReport:prompt "зад 7.4.cpp"
         зад 7.4.cpp
     1>C:\Users\Admin\source\repos\оаип 5 лаба\зад 7.4\зад 7.4.cpp(14,16): warning C4244: =: преобразование "double" в "float", возможна потеря данных
       Link:
         D:\Vs\VC\Tools\MSVC\14.41.34120\bin\HostX64\x64\link.exe /ERRORREPORT:PROMPT /OUT:"C:\Users\Admin\source\repos\оаип 5 лаба\x64\Debug\зад 7.4.exe" /INCREMENTAL /ILK:"x64\Debug\зад 7.4.ilk" /NOLOGO kernel32.lib user32.lib gdi32.lib winspool.lib comdlg32.lib advapi32.lib shell32.lib ole32.lib oleaut32.lib uuid.lib odbc32.lib odbccp32.lib /MANIFEST /MANIFESTUAC:"level='asInvoker' uiAccess='false'" /manifest:embed /DEBUG /PDB:"C:\Users\Admin\source\repos\оаип 5 лаба\x64\Debug\зад 7.4.pdb" /SUBSYSTEM:CONSOLE /TLBID:1 /DYNAMICBASE /NXCOMPAT /IMPLIB:"C:\Users\Admin\source\repos\оаип 5 лаба\x64\Debug\зад 7.4.lib" /MACHINE:X64 "x64\Debug\зад 7.4.obj"
         зад 7.4.vcxproj -> C:\Users\Admin\source\repos\оаип 5 лаба\x64\Debug\зад 7.4.exe
       FinalizeBuildStatus:
         Файл "x64\Debug\зад 7.4.tlog\unsuccessfulbuild" удаляется.
         Обращение к "x64\Debug\зад 7.4.tlog\зад 7.4.lastbuildstate".
     1>Сборка проекта "C:\Users\Admin\source\repos\оаип 5 лаба\зад 7.4\зад 7.4.vcxproj" завершена (целевые объекты Build).

Сборка успешно завершена.

       "C:\Users\Admin\source\repos\оаип 5 лаба\зад 7.4\зад 7.4.vcxproj" (целевой объект Build ) (1) ->
       (Целевой объект ClCompile) -> 
         C:\Users\Admin\source\repos\оаип 5 лаба\зад 7.4\зад 7.4.cpp(14,16): warning C4244: =: преобразование "double" в "float", возможна потеря данных

    Предупреждений: 1
    Ошибок: 0

Прошло времени 00:00:00.97
