Сборка начата 14.10.2024 16:54:56.
Уровень детализации журнала: Normal.     1>Проект "C:\Users\Admin\Desktop\ОАИП\лаба 8\зад 6.5\зад 6.5.vcxproj" в узле 2 (целевые объекты Build).
     1>PrepareForBuild:
         Структурированный вывод включен. Форматирование диагностики компилятора будет отражать иерархию ошибок. Подробнее см. https://aka.ms/cpp/structured-output.
       InitializeBuildStatus:
         Создание "x64\Debug\зад 6.5.tlog\unsuccessfulbuild", так как было задано "AlwaysCreate".
         Обращение к "x64\Debug\зад 6.5.tlog\unsuccessfulbuild".
       ClCompile:
         D:\Vs\VC\Tools\MSVC\14.41.34120\bin\HostX64\x64\CL.exe /c /ZI /JMC /nologo /W3 /WX- /diagnostics:column /sdl /Od /D _DEBUG /D _CONSOLE /D _UNICODE /D UNICODE /Gm- /EHsc /RTC1 /MDd /GS /fp:precise /Zc:wchar_t /Zc:forScope /Zc:inline /permissive- /Fo"x64\Debug\\" /Fd"x64\Debug\vc143.pdb" /external:W3 /Gd /TP /FC /errorReport:prompt "зад 6.5.cpp"
         зад 6.5.cpp
     1>C:\Users\Admin\Desktop\ОАИП\лаба 8\зад 6.5\зад 6.5.cpp(5,6): warning C4326: возвращаемый тип "main" должен быть "int", а не "void"
     1>C:\Users\Admin\Desktop\ОАИП\лаба 8\зад 6.5\зад 6.5.cpp(8,37): warning C4305: инициализация: усечение из "__int64" в "float"
     1>C:\Users\Admin\Desktop\ОАИП\лаба 8\зад 6.5\зад 6.5.cpp(8,52): warning C4101: b: неиспользованная локальная переменная
       Link:
         D:\Vs\VC\Tools\MSVC\14.41.34120\bin\HostX64\x64\link.exe /ERRORREPORT:PROMPT /OUT:"C:\Users\Admin\Desktop\ОАИП\лаба 8\x64\Debug\зад 6.5.exe" /INCREMENTAL /ILK:"x64\Debug\зад 6.5.ilk" /NOLOGO kernel32.lib user32.lib gdi32.lib winspool.lib comdlg32.lib advapi32.lib shell32.lib ole32.lib oleaut32.lib uuid.lib odbc32.lib odbccp32.lib /MANIFEST /MANIFESTUAC:"level='asInvoker' uiAccess='false'" /manifest:embed /DEBUG /PDB:"C:\Users\Admin\Desktop\ОАИП\лаба 8\x64\Debug\зад 6.5.pdb" /SUBSYSTEM:CONSOLE /TLBID:1 /DYNAMICBASE /NXCOMPAT /IMPLIB:"C:\Users\Admin\Desktop\ОАИП\лаба 8\x64\Debug\зад 6.5.lib" /MACHINE:X64 "x64\Debug\зад 6.5.obj"
         зад 6.5.vcxproj -> C:\Users\Admin\Desktop\ОАИП\лаба 8\x64\Debug\зад 6.5.exe
       TlogCleanup:
         Следующие элементы будут удалены из tlogs, так как они были удалены из проекта или сборки: C:\Users\Admin\source\repos\лаба 8\зад 6.5\зад 6.5.cpp.
       FinalizeBuildStatus:
         Файл "x64\Debug\зад 6.5.tlog\unsuccessfulbuild" удаляется.
         Обращение к "x64\Debug\зад 6.5.tlog\зад 6.5.lastbuildstate".
     1>Сборка проекта "C:\Users\Admin\Desktop\ОАИП\лаба 8\зад 6.5\зад 6.5.vcxproj" завершена (целевые объекты Build).

Сборка успешно завершена.

       "C:\Users\Admin\Desktop\ОАИП\лаба 8\зад 6.5\зад 6.5.vcxproj" (целевой объект Build ) (1) ->
       (Целевой объект ClCompile) -> 
         C:\Users\Admin\Desktop\ОАИП\лаба 8\зад 6.5\зад 6.5.cpp(5,6): warning C4326: возвращаемый тип "main" должен быть "int", а не "void"
         C:\Users\Admin\Desktop\ОАИП\лаба 8\зад 6.5\зад 6.5.cpp(8,37): warning C4305: инициализация: усечение из "__int64" в "float"
         C:\Users\Admin\Desktop\ОАИП\лаба 8\зад 6.5\зад 6.5.cpp(8,52): warning C4101: b: неиспользованная локальная переменная

    Предупреждений: 3
    Ошибок: 0

Прошло времени 00:00:01.26
