Сборка начата 05.10.2024 20:02:12.
Уровень детализации журнала: Normal.     1>Проект "C:\Users\Admin\source\repos\лаба 7\лаба 7\лаба 7.vcxproj" в узле 2 (целевые объекты Build).
     1>D:\Vs\MSBuild\Microsoft\VC\v170\Microsoft.CppBuild.targets(531,5): warning MSB8028: промежуточный каталог (x64\Debug\) содержит файлы, которые используются совместно с другим проектом (лаба 7.vcxproj).  Это может привести к ошибкам очистки и перестроения.
         Структурированный вывод включен. Форматирование диагностики компилятора будет отражать иерархию ошибок. Подробнее см. https://aka.ms/cpp/structured-output.
         Создание каталога "x64\Debug\зад6.tlog\".
     1>InitializeBuildStatus:
         Создание "x64\Debug\зад6.tlog\unsuccessfulbuild", так как было задано "AlwaysCreate".
         Обращение к "x64\Debug\зад6.tlog\unsuccessfulbuild".
       ClCompile:
         D:\Vs\VC\Tools\MSVC\14.41.34120\bin\HostX64\x64\CL.exe /c /ZI /JMC /nologo /W3 /WX- /diagnostics:column /sdl /Od /D _DEBUG /D _CONSOLE /D _UNICODE /D UNICODE /Gm- /EHsc /RTC1 /MDd /GS /fp:precise /Zc:wchar_t /Zc:forScope /Zc:inline /permissive- /Fo"x64\Debug\\" /Fd"x64\Debug\vc143.pdb" /external:W3 /Gd /TP /FC /errorReport:prompt "зад6.cpp"
         зад6.cpp
     1>C:\Users\Admin\source\repos\лаба 7\лаба 7\зад6.cpp(7,17): warning C4305: инициализация: усечение из "double" в "float"
     1>C:\Users\Admin\source\repos\лаба 7\лаба 7\зад6.cpp(7,23): warning C4244: инициализация: преобразование "double" в "float", возможна потеря данных
       Link:
         D:\Vs\VC\Tools\MSVC\14.41.34120\bin\HostX64\x64\link.exe /ERRORREPORT:PROMPT /OUT:"C:\Users\Admin\source\repos\лаба 7\x64\Debug\зад6.exe" /INCREMENTAL /ILK:"x64\Debug\зад6.ilk" /NOLOGO kernel32.lib user32.lib gdi32.lib winspool.lib comdlg32.lib advapi32.lib shell32.lib ole32.lib oleaut32.lib uuid.lib odbc32.lib odbccp32.lib /MANIFEST /MANIFESTUAC:"level='asInvoker' uiAccess='false'" /manifest:embed /DEBUG /PDB:"C:\Users\Admin\source\repos\лаба 7\x64\Debug\зад6.pdb" /SUBSYSTEM:CONSOLE /TLBID:1 /DYNAMICBASE /NXCOMPAT /IMPLIB:"C:\Users\Admin\source\repos\лаба 7\x64\Debug\зад6.lib" /MACHINE:X64 "x64\Debug\зад6.obj"
         лаба 7.vcxproj -> C:\Users\Admin\source\repos\лаба 7\x64\Debug\зад6.exe
       FinalizeBuildStatus:
         Файл "x64\Debug\зад6.tlog\unsuccessfulbuild" удаляется.
         Обращение к "x64\Debug\зад6.tlog\зад6.lastbuildstate".
     1>Сборка проекта "C:\Users\Admin\source\repos\лаба 7\лаба 7\лаба 7.vcxproj" завершена (целевые объекты Build).

Сборка успешно завершена.

       "C:\Users\Admin\source\repos\лаба 7\лаба 7\лаба 7.vcxproj" (целевой объект Build ) (1) ->
       (Целевой объект PrepareForBuild) -> 
         D:\Vs\MSBuild\Microsoft\VC\v170\Microsoft.CppBuild.targets(531,5): warning MSB8028: промежуточный каталог (x64\Debug\) содержит файлы, которые используются совместно с другим проектом (лаба 7.vcxproj).  Это может привести к ошибкам очистки и перестроения.


       "C:\Users\Admin\source\repos\лаба 7\лаба 7\лаба 7.vcxproj" (целевой объект Build ) (1) ->
       (Целевой объект ClCompile) -> 
         C:\Users\Admin\source\repos\лаба 7\лаба 7\зад6.cpp(7,17): warning C4305: инициализация: усечение из "double" в "float"
         C:\Users\Admin\source\repos\лаба 7\лаба 7\зад6.cpp(7,23): warning C4244: инициализация: преобразование "double" в "float", возможна потеря данных

    Предупреждений: 3
    Ошибок: 0

Прошло времени 00:00:01.89
