Сборка начата 14.10.2024 17:40:58.
Уровень детализации журнала: Normal.     1>Проект "C:\Users\Admin\Desktop\ОАИП\лаба 8\лаба 8\лаба 8.vcxproj" в узле 2 (целевые объекты Build).
     1>D:\Vs\MSBuild\Microsoft\VC\v170\Microsoft.CppBuild.targets(531,5): warning MSB8028: промежуточный каталог (x64\Debug\) содержит файлы, которые используются совместно с другим проектом (зад4.1.vcxproj, лаба 8.vcxproj).  Это может привести к ошибкам очистки и перестроения.
         Структурированный вывод включен. Форматирование диагностики компилятора будет отражать иерархию ошибок. Подробнее см. https://aka.ms/cpp/structured-output.
     1>InitializeBuildStatus:
         Создание "x64\Debug\зад 5.1.tlog\unsuccessfulbuild", так как было задано "AlwaysCreate".
         Обращение к "x64\Debug\зад 5.1.tlog\unsuccessfulbuild".
       ClCompile:
         D:\Vs\VC\Tools\MSVC\14.41.34120\bin\HostX64\x64\CL.exe /c /ZI /JMC /nologo /W3 /WX- /diagnostics:column /sdl /Od /D _DEBUG /D _CONSOLE /D _UNICODE /D UNICODE /Gm- /EHsc /RTC1 /MDd /GS /fp:precise /Zc:wchar_t /Zc:forScope /Zc:inline /permissive- /Fo"x64\Debug\\" /Fd"x64\Debug\vc143.pdb" /external:W3 /Gd /TP /FC /errorReport:prompt "зад 5.1.cpp"
         зад 5.1.cpp
     1>C:\Users\Admin\Desktop\ОАИП\лаба 8\лаба 8\зад 5.1.cpp(1,10): warning C4067: непредвиденные лексемы за директивой препроцессора, требуется newline
     1>C:\Users\Admin\Desktop\ОАИП\лаба 8\лаба 8\зад 5.1.cpp(3,6): warning C4326: возвращаемый тип "main" должен быть "int", а не "void"
     1>C:\Users\Admin\Desktop\ОАИП\лаба 8\лаба 8\зад 5.1.cpp(6,34): warning C4305: инициализация: усечение из "double" в "float"
       Link:
         D:\Vs\VC\Tools\MSVC\14.41.34120\bin\HostX64\x64\link.exe /ERRORREPORT:PROMPT /OUT:"C:\Users\Admin\Desktop\ОАИП\лаба 8\x64\Debug\зад 5.1.exe" /INCREMENTAL /ILK:"x64\Debug\зад 5.1.ilk" /NOLOGO kernel32.lib user32.lib gdi32.lib winspool.lib comdlg32.lib advapi32.lib shell32.lib ole32.lib oleaut32.lib uuid.lib odbc32.lib odbccp32.lib /MANIFEST /MANIFESTUAC:"level='asInvoker' uiAccess='false'" /manifest:embed /DEBUG /PDB:"C:\Users\Admin\Desktop\ОАИП\лаба 8\x64\Debug\зад 5.1.pdb" /SUBSYSTEM:CONSOLE /TLBID:1 /DYNAMICBASE /NXCOMPAT /IMPLIB:"C:\Users\Admin\Desktop\ОАИП\лаба 8\x64\Debug\зад 5.1.lib" /MACHINE:X64 "x64\Debug\зад 5.1.obj"
         лаба 8.vcxproj -> C:\Users\Admin\Desktop\ОАИП\лаба 8\x64\Debug\зад 5.1.exe
       TlogCleanup:
         Следующие элементы будут удалены из tlogs, так как они были удалены из проекта или сборки: C:\Users\Admin\source\repos\лаба 8\лаба 8\зад 5.1.cpp.
       FinalizeBuildStatus:
         Файл "x64\Debug\зад 5.1.tlog\unsuccessfulbuild" удаляется.
         Обращение к "x64\Debug\зад 5.1.tlog\зад 5.1.lastbuildstate".
     1>Сборка проекта "C:\Users\Admin\Desktop\ОАИП\лаба 8\лаба 8\лаба 8.vcxproj" завершена (целевые объекты Build).

Сборка успешно завершена.

       "C:\Users\Admin\Desktop\ОАИП\лаба 8\лаба 8\лаба 8.vcxproj" (целевой объект Build ) (1) ->
       (Целевой объект PrepareForBuild) -> 
         D:\Vs\MSBuild\Microsoft\VC\v170\Microsoft.CppBuild.targets(531,5): warning MSB8028: промежуточный каталог (x64\Debug\) содержит файлы, которые используются совместно с другим проектом (зад4.1.vcxproj, лаба 8.vcxproj).  Это может привести к ошибкам очистки и перестроения.


       "C:\Users\Admin\Desktop\ОАИП\лаба 8\лаба 8\лаба 8.vcxproj" (целевой объект Build ) (1) ->
       (Целевой объект ClCompile) -> 
         C:\Users\Admin\Desktop\ОАИП\лаба 8\лаба 8\зад 5.1.cpp(1,10): warning C4067: непредвиденные лексемы за директивой препроцессора, требуется newline
         C:\Users\Admin\Desktop\ОАИП\лаба 8\лаба 8\зад 5.1.cpp(3,6): warning C4326: возвращаемый тип "main" должен быть "int", а не "void"
         C:\Users\Admin\Desktop\ОАИП\лаба 8\лаба 8\зад 5.1.cpp(6,34): warning C4305: инициализация: усечение из "double" в "float"

    Предупреждений: 4
    Ошибок: 0

Прошло времени 00:00:01.49
